#MCNP     FACEMC
#Energy    Values    Error
 1.07924416173e-06 0.262134460951 0.00271771313208 0.262134483353 0.00271771302253 0.00384342702103
 1.25029175953e-06 0.230488562082 0.00268499820184 0.230488582642 0.00268499809637 0.00379716113611
 1.44844840434e-06 0.203179277436 0.0026603353809 0.20317972134 0.00266033045499 0.00376228711278
 1.67801056356e-06 0.17972870991 0.00262404423216 0.179728825349 0.00262404271342 0.00371096025101
 1.94395564453e-06 0.157395399182 0.00259668204561 0.157395274813 0.00259668410193 0.00367226151842
 2.25204991551e-06 0.137984580326 0.00257203861248 0.137984180973 0.00257204457073 0.00363740557448
 2.60897353098e-06 0.121117235121 0.0025463371141 0.121117100268 0.00254633984526 0.0036010624029
 3.02246537186e-06 0.106117266698 0.00252591320565 0.106116867408 0.00252592005335 0.00357217211373
 3.50149084137e-06 0.0931613823516 0.00250508142441 0.093161390347 0.00250508132817 0.00354272036124
 4.05643625443e-06 0.0817677213058 0.00248411959421 0.0817673596041 0.00248412679316 0.00351306517091
 4.69933403563e-06 0.0716976629132 0.00246354146533 0.0716973740687 0.00246354823591 0.00348396450354
 5.44412360833e-06 0.0628568570215 0.00243690745066 0.062856862503 0.00243690735543 0.00344630780017
 6.30695363173e-06 0.055000220607 0.00242017358939 0.055000225293 0.00242017349785 0.00342264254029
 7.30653213897e-06 0.0483956929749 0.00239880124834 0.0483957153068 0.00239880027411 0.00339241813536
 8.464532168e-06 0.0420297301593 0.0023816416976 0.0420294279057 0.00238164443171 0.00336812770096
 9.80606168021e-06 0.0372409471192 0.00236091976295 0.0372409670211 0.00236092406104 0.00333884957196
 1.13602079557e-05 0.032166594417 0.00234677944982 0.0321662821625 0.00234678737584 0.0033188207129
 1.31606682687e-05 0.0281202322638 0.00233026557676 0.0281201039962 0.00233027217015 0.00329548281274
 1.52464805182e-05 0.0245836845762 0.00231381649077 0.0245836303114 0.00231382066743 0.00327222639247
 1.76628696543e-05 0.0215217098255 0.00229727399178 0.0215216137148 0.00229728005668 0.00324882581568
 2.04622282533e-05 0.018825405773 0.00228601580779 0.0188253848269 0.00228601819549 0.00323291265042
 2.37052525035e-05 0.0164247598034 0.00227299313928 0.0164246770419 0.0022729991582 0.00321448578345
 2.746225823e-05 0.0143339023312 0.00226256721032 0.0143337890211 0.00226257640113 0.00319973443928
 3.18147054954e-05 0.0125250814177 0.00225267039108 0.0125250648568 0.00225267309602 0.00318575471903
 3.68569648308e-05 0.0108934304985 0.00224244316921 0.0108933972533 0.00224244806688 0.00317128732758
 4.26983633947e-05 0.00953517893215 0.00222842847409 0.00953517968669 0.00222842839626 0.00315147396519
 4.94655554237e-05 0.00827588988869 0.0022236739271 0.00827589053289 0.00222367385076 0.00314475001681
 5.73052683719e-05 0.0072189196523 0.0022118470542 0.00721884132539 0.0022118472012 0.00312799026612
 6.63874842818e-05 0.00631490887352 0.00220113654615 0.00631490533792 0.00220113781106 0.00311287630778
 7.69091253645e-05 0.00550043948651 0.00219230939944 0.00550043138124 0.00219231226013 0.00310039113977
 8.90983237023e-05 0.00479875836026 0.00218136334726 0.00479874737761 0.0021813672591 0.00308490933597
 0.000103219367649 0.0041996850557 0.00217102535005 0.00419968537302 0.00217102527375 0.00307029367233
 0.000119578432177 0.00365137046672 0.00216334665148 0.00365137073855 0.00216334658171 0.00305943435306
 0.000138530217415 0.00318630817974 0.00215752546069 0.00318629338929 0.00215753062871 0.0030511912587
 0.000160485639322 0.00278532175184 0.00214590356097 0.00278532100536 0.00214590421194 0.00303476556644
 0.000185920739237 0.00243397146872 0.00213395624199 0.00243396048882 0.00213396296015 0.00301786099544
 0.000215387005495 0.00213379227892 0.00211662521411 0.00213378719341 0.00211662903512 0.00299335565198
 0.000249523330892 0.00190156426711 0.00208794817485 0.00190156191434 0.00208795049435 0.00295280261308
 0.00028906986527 0.00175133125699 0.00201378506335 0.00175132705505 0.00201378895207 0.00284791806507
 0.00033488406358 0.00118619829903 0.00204243975583 0.0011861983808 0.0020424396926 0.00288844615742
 0.000387959277371 0.001158646145 0.00209885556233 0.00115864320398 0.00209885947453 0.00296822523372
 0.000449446292813 0.00105737216384 0.0021047299614 0.00105736666427 0.00210473463257 0.00297652547809
 0.000520678282247 0.00092632359488 0.00209596072355 0.000926315470527 0.00209596905131 0.00296411597296
 0.000603199710263 0.000808648682003 0.00210064474364 0.000808647561702 0.0021006473012 0.00297075797896
 0.000698799821056 0.000705897147957 0.00209708687194 0.000705895595217 0.00209709044652 0.00296572469976
 0.000809551433131 0.00061729328375 0.0020976575554 0.000617293328712 0.00209765748597 0.00296653593104
 0.000937855882524 0.000540577418405 0.00209273391717 0.000540577457604 0.0020927338494 0.00295957285479
 0.00108649508899 0.000433907001049 0.0021176082741 0.000433907530244 0.0021176060322 0.00299475240818
 0.0012586918741 0.000414234747165 0.00208515861868 0.000414234792028 0.00208515849212 0.00294885982811
 0.00145817983898 0.000363870912132 0.00208180745798 0.000363870310284 0.00208181035096 0.00294411751735
 0.00168928431696 0.000319856561091 0.00207014905497 0.000319853714134 0.00207015462091 0.00292761074729
 0.00195701615621 0.000286944241571 0.00204179010047 0.000286943457611 0.00204179397347 0.00288752210122
 0.00226718036579 0.000239287667965 0.00202885907801 0.000239287684368 0.00202885901468 0.00286924017617
 0.00262650198096 0.000200583418091 0.00207607997593 0.000200583432389 0.00207607990354 0.00293602061663
 0.00304277187649 0.000185100758407 0.00207779411949 0.000185100771919 0.00207779404991 0.00293844478889
 0.00352501568988 0.000171635896699 0.00203158051556 0.000171635908602 0.00203158044936 0.00287308887059
 0.00408368951674 0.000136278250102 0.00205327276786 0.000136278424821 0.00205327195141 0.00290376934109
 0.00473090662179 0.000131601631061 0.00202469158447 0.000131601640086 0.00202469152031 0.00286334644938
 0.00548070008072 0.000132872038954 0.00187960310369 0.00013287171197 0.00187960623393 0.00265815587308
 0.00634932704792 0.000107722975322 0.00177691747516 0.000107723254805 0.00177691458872 0.0025129452713
 0.00735562124685 7.8769998053e-05 0.00173975559757 7.87700027865e-05 0.0017397555509 0.00246038607615
 0.00852140132629 5.30039720961e-05 0.00193770492424 5.30038853597e-05 0.00193770750257 0.00274032592258
 0.00987194393604 5.97538225907e-05 0.00200205239553 5.97535511738e-05 0.00200205648752 0.00283131968319
 0.0114365317798 5.54559824734e-05 0.00204010576651 5.5455986078e-05 0.00204010570408 0.00288514538706
 0.0132490885277 4.95400966629e-05 0.00206520724763 4.95401000592e-05 0.00206520718158 0.00292064425223
 0.015348914356 4.39006495567e-05 0.00208108140509 4.39006524405e-05 0.00208108134043 0.00294309369509
 0.0177815380592 3.8916131965e-05 0.00210124387813 3.89161345397e-05 0.00210124381064 0.00297160773918
 0.0205997042147 3.58846050967e-05 0.00207585046139 3.58846073618e-05 0.00207585039589 0.00293569601494
 0.0238645167995 4.72327191014e-05 0.00175792821394 4.72327219083e-05 0.00175792816364 0.00248608603401
 0.0276467640574 2.73410877174e-05 0.00172689285656 2.73410890524e-05 0.00172689281554 0.00244219538875
 0.032028453342 1.87948002119e-05 0.00179783223885 1.87948012794e-05 0.00179783219409 0.00254251884782
 0.0371045892152 2.05150317788e-05 0.00184376147201 2.05150329398e-05 0.00184376142111 0.00260747259107
 0.0429852333527 1.94446755712e-05 0.00185053709124 1.94446682829e-05 0.00185053750648 0.00261705396479
 0.0497978909203 1.86103923289e-05 0.00182202776473 1.86103932906e-05 0.00182202772155 0.00257673647853
 0.0576902751642 1.57111483237e-05 0.00185609379113 1.57111491792e-05 0.00185609374641 0.00262491312377
 0.066833510155 1.694819367e-05 0.00177552139735 1.69481413058e-05 0.00177552432792 0.00251096075459
 0.0774258411306 1.63823691576e-05 0.00166452652412 1.63823698977e-05 0.00166452648793 0.0023539960661
 0.089696932884 1.00786976637e-05 0.00177325324328 1.00787214103e-05 0.00177325048484 0.00250776274422
 0.103912849397 1.10320109078e-05 0.0017599436958 1.10320242832e-05 0.00175994192653 0.00248893801018
 0.120381822683 1.21621446402e-05 0.00166677592944 1.21621895383e-05 0.00166677389571 0.00235718438861
 0.139460935936 9.9538452293e-06 0.00164853574774 9.95384299937e-06 0.00164853614287 0.00233138136962
 0.161563865861 9.44394242074e-06 0.00162187616241 9.44391386851e-06 0.00162187884161 0.00229367422528
 0.187169852093 9.38330578126e-06 0.00152882502019 9.3832684485e-06 0.00152882612067 0.00216207725405
 0.216834088154 8.05997611653e-06 0.00151611416678 8.05994074876e-06 0.00151611309685 0.0021440990517
 0.251199759255 8.44140398215e-06 0.00144763159327 8.44135251018e-06 0.00144763089199 0.00204724725335
 0.291011987953 9.22992438923e-06 0.00134273730547 9.22991786042e-06 0.00134273776564 0.00189891629028
 0.337133990031 8.02289716029e-06 0.00130582143613 8.02290378375e-06 0.0013058205601 0.00184671129015
 0.390565790893 5.66295982004e-06 0.00135372369019 5.66298039369e-06 0.00135372410645 0.00191446165197
 0.452465908293 5.50925964888e-06 0.00128228128358 5.5092693306e-06 0.00128227956804 0.00181342155576
 0.524176471523 6.85760494245e-06 0.00120878909779 6.85759123296e-06 0.00120879001005 0.00170948316366
 0.607252321693 8.22462642438e-06 0.00108800921956 8.22461941306e-06 0.00108800990012 0.00153867656383
 0.703494724076 5.53627067378e-06 0.00120569021167 5.53627079075e-06 0.00120569020358 0.00170510347967
 0.814990423458 3.91771201812e-06 0.00132327697536 3.91771528012e-06 0.00132327605959 0.00187139715596
 0.944156889311 3.49258022136e-06 0.00129421314444 3.49258808026e-06 0.00129421180491 0.00183029695275
 1.09379473179 3.67120497238e-06 0.00118574988774 3.67120839512e-06 0.00118574907746 0.00167690456328
 1.26714842503 4.96157640296e-06 0.000945815231396 4.96157641933e-06 0.000945815240695 0.00133758473873
 1.46797665449 8.81424847966e-06 0.000616700730318 8.81424786456e-06 0.000616700773625 0.000872146506501
 1.70063381335 1.76068412116e-06 0.00133257639622 1.76068420921e-06 0.00133257639023 0.00188454770244
 1.97016441525 1.66759572328e-06 0.00132439411229 1.66759569126e-06 0.00132439415756 0.00187297611157
 2.28241247037 1.94611616503e-05 0.000263205649889 1.946115888e-05 0.000263205627599 0.000372228931018
