#  Estimators/4/processed_total_bin_data :
1e-06 0.0 0.0
1.15848832346e-06 4.15452547877e-08 0.00271771302253
1.3420951956e-06 4.23192877228e-08 0.00268499809637
1.55480161307e-06 4.32176306288e-08 0.00266033045499
1.80121951405e-06 4.42883998882e-08 0.00262404271342
2.08669177501e-06 4.49319849654e-08 0.00259668410193
2.41740805602e-06 4.56336151697e-08 0.00257204457073
2.80053900594e-06 4.64037096773e-08 0.00254633984526
3.24439173778e-06 4.71002614933e-08 0.00252592005335
3.75858994496e-06 4.79034198948e-08 0.00250508132817
4.35428256391e-06 4.87082125872e-08 0.00248412679316
5.04438550735e-06 4.94785688817e-08 0.00246354823591
5.8438617093e-06 5.02525657004e-08 0.00243690735543
6.77004555415e-06 5.09403201295e-08 0.00242017349785
7.84301872379e-06 5.19273040497e-08 0.00239880027411
9.08604561221e-06 5.22437089917e-08 0.00238164443171
1.05260777482e-05 5.36281892857e-08 0.00236092406104
1.21943381631e-05 5.36617352262e-08 0.00234678737584
1.41269983743e-05 5.43466061283e-08 0.00233027217015
1.63659626622e-05 5.50418703341e-08 0.00231382066743
1.89597766464e-05 5.58230626161e-08 0.00229728005668
2.19646798603e-05 5.65684593693e-08 0.00228601819549
2.54458251467e-05 5.7176687065e-08 0.0022729991582
2.94786913133e-05 5.78062527825e-08 0.00226257640113
3.41507196775e-05 5.85174582744e-08 0.00225267309602
3.95632099841e-05 5.89604070395e-08 0.00224244806688
4.58335168053e-05 5.97885022308e-08 0.00222842839626
5.30975940421e-05 6.01167080342e-08 0.00222367385076
6.15129427018e-05 6.07490666722e-08 0.0022118472012
7.12620258618e-05 6.15645372869e-08 0.00220113781106
8.25562248671e-05 6.21229666347e-08 0.00219231226013
9.56404225376e-05 6.27877592594e-08 0.0021813672591
0.000110798312761 6.36583698571e-08 0.00217102527375
0.000128358551593 6.41189422331e-08 0.00216334658171
0.000148701883237 6.48198231335e-08 0.00215753062871
0.000172269395406 6.56430866883e-08 0.00214590421194
0.000199572083068 6.64536630079e-08 0.00213396296015
0.000231201927923 6.74913578811e-08 0.00211662903512
0.000267844733861 6.96785642062e-08 0.00208795049435
0.000310294996679 7.43442937672e-08 0.00201378895207
0.000359473130481 5.83350226865e-08 0.0020424396926
0.000416445424261 6.60105610032e-08 0.00209885947453
0.000482447161365 6.9788036598e-08 0.00210473463257
0.000558909403129 7.08281574572e-08 0.00209596905131
0.000647490017398 7.16304977427e-08 0.0021006473012
0.000750109624714 7.24387287873e-08 0.00209709044652
0.000868993241548 7.33860635648e-08 0.00209765748597
0.0010067185235 7.44511827654e-08 0.0020927338494
0.00116627165449 6.92313050106e-08 0.0021176060322
0.00135111209371 7.65673408986e-08 0.00208515849212
0.00156524758425 7.79175473856e-08 0.00208181035096
0.00181332104968 7.9347219296e-08 0.00207015462091
0.00210071126274 8.2464741419e-08 0.00204179397347
0.00243364946885 7.96680123778e-08 0.00202885901468
0.00281935449306 7.73660376457e-08 0.00207607990354
0.00326618925992 8.27094602659e-08 0.00207779404991
0.00378384211983 8.88478189512e-08 0.00203158044936
0.00438353691365 8.17254618754e-08 0.00205327195141
0.00507827632992 9.14288466137e-08 0.00202469152031
0.00588312383153 1.06941465414e-07 0.00187960623393
0.00681553026431 1.0044185574e-07 0.00177691458872
0.0078957122294 8.50859364001e-08 0.0017397555509
0.00914709042318 6.63279063248e-08 0.00193770750257
0.0105967974489 8.66251429484e-08 0.00200205648752
0.0122762661106 9.31365907216e-08 0.00204010570408
0.0142219109449 9.63874397708e-08 0.00206520718158
0.016475917767 9.89523700955e-08 0.00208108134043
0.0190871583514 1.01619389898e-07 0.00210124381064
0.0221122500781 1.08554228846e-07 0.00207585039589
0.025616783521 1.65528653527e-07 0.00175792816364
0.0296767445937 1.11003757238e-07 0.00172689281554
0.0343801620902 8.8399797181e-08 0.00179783219409
0.0398290163402 1.11783424423e-07 0.00184376142111
0.0461414503651 1.22743185672e-07 0.00185053750648
0.0534543314755 1.36095593552e-07 0.00182202772155
0.0619262188529 1.33103086416e-07 0.00185609374641
0.0717408014572 1.66338932835e-07 0.00177552432792
0.083110880804 1.86268845625e-07 0.00166452648793
0.096282984964 1.32757968216e-07 0.00177325048484
0.111542713829 1.68345699394e-07 0.00175994192653
0.129220931538 2.15005834476e-07 0.00166677389571
0.149700940334 2.03854792181e-07 0.00164853614287
0.173426791388 2.24064893811e-07 0.00162187884161
0.200912912798 2.57909655798e-07 0.00152882612067
0.23275526351 2.5664746004e-07 0.00151611309685
0.269644255 3.11392980912e-07 0.00144763089199
0.312379720906 3.94444840039e-07 0.00134273776564
0.361888259156 3.97202238854e-07 0.0013058205601
0.41924332263 3.24800599932e-07 0.00135372410645
0.485688493957 3.66064344558e-07 0.00128227956804
0.562664449089 5.27869635062e-07 0.00120879001005
0.651840194296 7.33436565204e-07 0.00108800990012
0.755149253855 5.71946928856e-07 0.00120569020358
0.874831593062 4.68881329072e-07 0.00132327605959
1.01348218556 4.84249406679e-07 0.00129421180491
1.17410727801 5.89688187869e-07 0.00118574907746
1.36018957206 9.23261522214e-07 0.000945815240695
1.57576373693 1.90012412236e-06 0.000616700773625
1.82550388977 4.39713543511e-07 0.00133257639023
2.11482494073 4.82470537971e-07 0.00132439415756
2.45 6.52289508106e-06 0.000263205627599
