    1.0000E-06   9.15815E-07 0.0009
    1.1585E-06   4.16572E-08 0.0024
    1.3421E-06   4.23635E-08 0.0024
    1.5548E-06   4.32491E-08 0.0024
    1.8012E-06   4.42498E-08 0.0024
    2.0867E-06   4.48043E-08 0.0024
    2.4174E-06   4.57129E-08 0.0024
    2.8005E-06   4.66028E-08 0.0024
    3.2444E-06   4.73976E-08 0.0023
    3.7586E-06   4.81280E-08 0.0023
    4.3543E-06   4.86672E-08 0.0023
    5.0444E-06   4.94992E-08 0.0023
    5.8439E-06   5.04126E-08 0.0023
    6.7700E-06   5.09968E-08 0.0023
    7.8430E-06   5.16442E-08 0.0023
    9.0860E-06   5.23797E-08 0.0023
    1.0526E-05   5.34698E-08 0.0023
    1.2194E-05   5.36429E-08 0.0022
    1.4127E-05   5.45456E-08 0.0022
    1.6366E-05   5.49248E-08 0.0022
    1.8960E-05   5.59307E-08 0.0022
    2.1965E-05   5.65639E-08 0.0022
    2.5446E-05   5.70328E-08 0.0022
    2.9479E-05   5.79199E-08 0.0022
    3.4151E-05   5.85361E-08 0.0022
    3.9563E-05   5.89558E-08 0.0022
    4.5834E-05   5.96459E-08 0.0022
    5.3098E-05   6.05217E-08 0.0022
    6.1513E-05   6.11865E-08 0.0022
    7.1262E-05   6.17615E-08 0.0021
    8.2556E-05   6.24426E-08 0.0021
    9.5640E-05   6.27296E-08 0.0021
    1.1080E-04   6.35450E-08 0.0021
    1.2836E-04   6.41479E-08 0.0021
    1.4870E-04   6.47576E-08 0.0021
    1.7227E-04   6.55649E-08 0.0021
    1.9957E-04   6.64736E-08 0.0021
    2.3120E-04   6.75686E-08 0.0021
    2.6784E-04   6.98308E-08 0.0020
    3.1029E-04   7.43837E-08 0.0020
    3.5947E-04   5.85284E-08 0.0020
    4.1645E-04   6.61208E-08 0.0021
    4.8245E-04   6.99482E-08 0.0021
    5.5891E-04   7.09736E-08 0.0021
    6.4749E-04   7.19508E-08 0.0021
    7.5011E-04   7.24868E-08 0.0021
    8.6899E-04   7.34425E-08 0.0021
    1.0067E-03   7.43794E-08 0.0021
    1.1663E-03   6.90659E-08 0.0021
    1.3511E-03   7.67434E-08 0.0021
    1.5652E-03   7.78837E-08 0.0021
    1.8133E-03   7.94548E-08 0.0021
    2.1007E-03   8.26561E-08 0.0020
    2.4336E-03   7.95961E-08 0.0020
    2.8194E-03   7.75647E-08 0.0021
    3.2662E-03   8.29250E-08 0.0021
    3.7838E-03   8.92988E-08 0.0020
    4.3835E-03   8.20690E-08 0.0020
    5.0783E-03   9.20884E-08 0.0020
    5.8831E-03   1.07123E-07 0.0019
    6.8155E-03   9.99819E-08 0.0018
    7.8957E-03   8.51511E-08 0.0017
    9.1471E-03   6.63092E-08 0.0019
    1.0597E-02   8.68111E-08 0.0020
    1.2276E-02   9.32575E-08 0.0020
    1.4222E-02   9.67550E-08 0.0020
    1.6476E-02   9.89180E-08 0.0021
    1.9087E-02   1.01888E-07 0.0021
    2.2112E-02   1.08363E-07 0.0021
    2.5617E-02   1.65880E-07 0.0017
    2.9677E-02   1.10548E-07 0.0017
    3.4380E-02   8.86919E-08 0.0018
    3.9829E-02   1.12139E-07 0.0018
    4.6141E-02   1.22619E-07 0.0018
    5.3454E-02   1.35933E-07 0.0018
    6.1926E-02   1.32898E-07 0.0018
    7.1741E-02   1.66279E-07 0.0018
    8.3111E-02   1.86669E-07 0.0017
    9.6283E-02   1.32254E-07 0.0018
    1.1154E-01   1.68949E-07 0.0017
    1.2922E-01   2.15361E-07 0.0017
    1.4970E-01   2.04486E-07 0.0016
    1.7343E-01   2.24113E-07 0.0016
    2.0091E-01   2.58152E-07 0.0015
    2.3276E-01   2.56065E-07 0.0015
    2.6964E-01   3.11542E-07 0.0014
    3.1238E-01   3.94178E-07 0.0013
    3.6189E-01   3.97643E-07 0.0013
    4.1924E-01   3.24511E-07 0.0013
    4.8569E-01   3.66826E-07 0.0013
    5.6266E-01   5.27273E-07 0.0012
    6.5184E-01   7.30958E-07 0.0011
    7.5515E-01   5.72929E-07 0.0012
    8.7483E-01   4.70415E-07 0.0013
    1.0135E+00   4.85205E-07 0.0013
    1.1741E+00   5.88504E-07 0.0012
    1.3602E+00   9.23273E-07 0.0009
    1.5758E+00   1.89686E-06 0.0006
    1.8255E+00   4.40554E-07 0.0013
    2.1148E+00   4.82569E-07 0.0013
    2.4500E+00   6.52496E-06 0.0003
