#  Estimators/4/processed_total_bin_data :
1e-06 0.0 0.0
1.15848832346e-06 4.15452512372e-08 0.00271771313208
1.3420951956e-06 4.2319283948e-08 0.00268499820184
1.55480161307e-06 4.32175362075e-08 0.0026603353809
1.80121951405e-06 4.42883714419e-08 0.00262404423216
2.08669177501e-06 4.49320204691e-08 0.00259668204561
2.41740805602e-06 4.56337472423e-08 0.00257203861248
2.80053900594e-06 4.64037613436e-08 0.0025463371141
3.24439173778e-06 4.71004387191e-08 0.00252591320565
3.75858994496e-06 4.79034157836e-08 0.00250508142441
4.35428256391e-06 4.87084280502e-08 0.00248411959421
5.04438550735e-06 4.94787682142e-08 0.00246354146533
5.8438617093e-06 5.02525613181e-08 0.00243690745066
6.77004555415e-06 5.09403157894e-08 0.00242017358939
7.84301872379e-06 5.19272800882e-08 0.00239880124834
9.08604561221e-06 5.22440847011e-08 0.0023816416976
1.05260777482e-05 5.36281606263e-08 0.00236091976295
1.21943381631e-05 5.3662256148e-08 0.00234677944982
1.41269983743e-05 5.4346854026e-08 0.00233026557676
1.63659626622e-05 5.5041991831e-08 0.00231381649077
1.89597766464e-05 5.58233119092e-08 0.00229727399178
2.19646798603e-05 5.65685223104e-08 0.00228601580779
2.54458251467e-05 5.71769751699e-08 0.00227299313928
2.94786913133e-05 5.78067097468e-08 0.00226256721032
3.41507196775e-05 5.85175356475e-08 0.00225267039108
3.95632099841e-05 5.89605869788e-08 0.00224244316921
4.58335168053e-05 5.97884974996e-08 0.00222842847409
5.30975940421e-05 6.01167033547e-08 0.0022236739271
6.15129427018e-05 6.07497258205e-08 0.0022118470542
7.12620258618e-05 6.15645717558e-08 0.00220113654615
8.25562248671e-05 6.21230581773e-08 0.00219230939944
9.56404225376e-05 6.27879029586e-08 0.00218136334726
0.000110798312761 6.36583650471e-08 0.00217102535005
0.000128358551593 6.41189374598e-08 0.00216334665148
0.000148701883237 6.48201240205e-08 0.00215752546069
0.000172269395406 6.56431042811e-08 0.00214590356097
0.000199572083068 6.64539627887e-08 0.00213395624199
0.000231201927923 6.74915187349e-08 0.00211662521411
0.000267844733861 6.96786504185e-08 0.00208794817485
0.000310294996679 7.43444721404e-08 0.00201378506335
0.000359473130481 5.83350186653e-08 0.00204243975583
0.000416445424261 6.60107285598e-08 0.00209885556233
0.000482447161365 6.97883995789e-08 0.0021047299614
0.000558909403129 7.08287786634e-08 0.00209596072355
0.000647490017398 7.16305969796e-08 0.00210064474364
0.000750109624714 7.24388881288e-08 0.00209708687194
0.000868993241548 7.33860582195e-08 0.0020976575554
0.0010067185235 7.44511773667e-08 0.00209273391717
0.00116627165449 6.92312205758e-08 0.0021176082741
0.00135111209371 7.65673326062e-08 0.00208515861868
0.00156524758425 7.79176762626e-08 0.00208180745798
0.00181332104968 7.93479255504e-08 0.00207014905497
0.00210071126274 8.24649667213e-08 0.00204179010047
0.00243364946885 7.96680069166e-08 0.00202885907801
0.00281935449306 7.7366032131e-08 0.00207607997593
0.00326618925992 8.27094542285e-08 0.00207779411949
0.00378384211983 8.88478127897e-08 0.00203158051556
0.00438353691365 8.17253570973e-08 0.00205327276786
0.00507827632992 9.14288403434e-08 0.00202469158447
0.00588312383153 1.06941728586e-07 0.00187960310369
0.00681553026431 1.00441595148e-07 0.00177691747516
0.0078957122294 8.5085931287e-08 0.00173975559757
0.00914709042318 6.63280148648e-08 0.00193770492424
0.0105967974489 8.66255364233e-08 0.00200205239553
0.0122762661106 9.31365846679e-08 0.00204010576651
0.0142219109449 9.63874331628e-08 0.00206520724763
0.016475917767 9.89523635955e-08 0.00208108140509
0.0190871583514 1.01619383175e-07 0.00210124387813
0.0221122500781 1.08554221994e-07 0.00207585046139
0.025616783521 1.6552864369e-07 0.00175792821394
0.0296767445937 1.11003751818e-07 0.00172689285656
0.0343801620902 8.83997921599e-08 0.00179783223885
0.0398290163402 1.11783418097e-07 0.00184376147201
0.0461414503651 1.22743231679e-07 0.00185053709124
0.0534543314755 1.36095586519e-07 0.00182202776473
0.0619262188529 1.33103079168e-07 0.00185609379113
0.0717408014572 1.66339446768e-07 0.00177552139735
0.083110880804 1.8626883721e-07 0.00166452652412
0.096282984964 1.32757655424e-07 0.00177325324328
0.111542713829 1.68345495289e-07 0.0017599436958
0.129220931538 2.15005040757e-07 0.00166677592944
0.149700940334 2.0385483785e-07 0.00164853574774
0.173426791388 2.24065571237e-07 0.00162187616241
0.200912912798 2.57910681931e-07 0.00152882502019
0.23275526351 2.56648586233e-07 0.00151611416678
0.269644255 3.11394879661e-07 0.00144763159327
0.312379720906 3.94445119051e-07 0.00134273730547
0.361888259156 3.97201910936e-07 0.00130582143613
0.41924332263 3.24799419929e-07 0.00135372369019
0.485688493957 3.66063701255e-07 0.00128228128358
0.562664449089 5.27870690363e-07 0.00120878909779
0.651840194296 7.33437190443e-07 0.00108800921956
0.755149253855 5.71946916772e-07 0.00120569021167
0.874831593062 4.68880938668e-07 0.00132327697536
1.01348218556 4.84248317038e-07 0.00129421314444
1.17410727801 5.89687638091e-07 0.00118574988774
1.36018957206 9.23261519167e-07 0.000945815231396
1.57576373693 1.90012425496e-06 0.000616700730318
1.82550388977 4.39713521522e-07 0.00133257639622
2.11482494073 4.82470547237e-07 0.00132439411229
2.45 6.5228960096e-06 0.000263205649889
